<?xml version="1.0" encoding="UTF-8" standalone="no"?>
<testsuite failures="0" name="cucumber.runtime.formatter.JUnitFormatter" skipped="0" tests="5" time="22.230939">
<testcase classname="CloudCurrencyAPITestFeature.feature" name="Validate auth token and create conversion" time="5.151061">
<system-out><![CDATA[When I setup the url for generate auth token................................passed
When I generate auth token using valid userid and api key...................passed
Then I Validate the response code is 200 and auth token is generated........passed
When I setup the url for create conversion..................................passed
And I create conversion with "USD" "GBP" 1500 "sell" "test".................passed
Then I Validate the response code is 200....................................passed
And I validate amount is "2111.85"..........................................passed
]]></system-out>
</testcase>
<testcase classname="CloudCurrencyAPITestFeature.feature" name="Negative scenario to make  conversion without sell_currency" time="2.754457">
<system-out><![CDATA[When I setup the url for generate auth token................................passed
When I generate auth token using valid userid and api key...................passed
Then I Validate the response code is 200 and auth token is generated........passed
When I setup the url for create conversion..................................passed
And Without "sell_currency" create conversion with "USD" "" 1500 "sell" "test".passed
Then I Validate the response code is 400....................................passed
And I Validate message is "sell_currency is not a valid ISO 4217 currency code".passed
]]></system-out>
</testcase>
<testcase classname="CloudCurrencyAPITestFeature.feature" name="Negative scenario to make  conversion without buy_currency" time="3.445383">
<system-out><![CDATA[When I setup the url for generate auth token................................passed
When I generate auth token using valid userid and api key...................passed
Then I Validate the response code is 200 and auth token is generated........passed
When I setup the url for create conversion..................................passed
And Without "buy_currency" create conversion with "" "GBP" 1500 "sell" "test".passed
Then I Validate the response code is 400....................................passed
And I Validate message is "buy_currency is not a valid ISO 4217 currency code".passed
]]></system-out>
</testcase>
<testcase classname="CloudCurrencyAPITestFeature.feature" name="Negative scenario to make  conversion without fixed side" time="5.281753">
<system-out><![CDATA[When I setup the url for generate auth token................................passed
When I generate auth token using valid userid and api key...................passed
Then I Validate the response code is 200 and auth token is generated........passed
When I setup the url for create conversion..................................passed
And Without "fixed_side" create conversion with "USD" "GBP" 1500 "" "test"..passed
Then I Validate the response code is 400....................................passed
And I Validate message is "fixed_side should be in range: buy, sell"........passed
]]></system-out>
</testcase>
<testcase classname="CloudCurrencyAPITestFeature.feature" name="Negative scenario to make  conversion without amount" time="5.598285">
<system-out><![CDATA[When I setup the url for generate auth token................................passed
When I generate auth token using valid userid and api key...................passed
Then I Validate the response code is 200 and auth token is generated........passed
When I setup the url for create conversion..................................passed
And Without "amount" create conversion with "USD" "GBP" 0 "sell" "test".....passed
Then I Validate the response code is 400....................................passed
And I Validate message is "The amount can not be negative or zero"..........passed
]]></system-out>
</testcase>
</testsuite>
